<?xml version="1.0" encoding="UTF-8"?>
<!-- Generated by org.testng.reporters.JUnitXMLReporter -->
<testsuite ignored="0" hostname="quezabitheone" failures="0" tests="6" name="Default test" time="2.359" errors="0" timestamp="2023-05-25T16:06:16 JST">
  <testcase classname="com.test.adminfunctions.CreateAdminTest" name="firstNameValid" time="0.014"/>
  <testcase classname="com.test.adminfunctions.CreateAdminTest" name="lastNameValid" time="0.003"/>
  <testcase classname="com.test.adminfunctions.CreateAdminTest" name="nameCleanerWorks" time="0.007"/>
  <testcase classname="com.test.adminfunctions.CreateAdminTest" name="nullValueFoundTest" time="0.002"/>
  <testcase classname="com.test.adminfunctions.CreateAdminTest" name="passwordValid" time="0.206"/>
  <testcase classname="com.test.adminfunctions.CreateAdminTest" name="saltValid" time="0.202"/>
</testsuite> <!-- Default test -->
