<?xml version="1.0" encoding="UTF-8"?>
<!-- Generated by org.testng.reporters.JUnitXMLReporter -->
<testsuite ignored="0" hostname="quezabitheone" failures="0" tests="2" name="Default test" time="0.133" errors="0" timestamp="2023-05-16T16:37:47 JST">
  <testcase classname="com.test.adminfunctions.ClassAdminPassphraseConfirmTest" name="createConfigurationFile" time="0.006"/>
  <testcase classname="com.test.adminfunctions.ClassAdminPassphraseConfirmTest" name="validatePassword" time="0.094"/>
</testsuite> <!-- Default test -->
